<?xml version="1.0" encoding="UTF-8"?>
<testsuite xmlns:xsi="http://www.w3.org/2001/XMLSchema-instance" xsi:noNamespaceSchemaLocation="https://maven.apache.org/surefire/maven-surefire-plugin/xsd/surefire-test-report.xsd" name="com.xuejungao.AppTest" time="0.01" tests="1" errors="0" skipped="0" failures="0">
  <properties>
    <property name="gopherProxySet" value="false"/>
    <property name="awt.toolkit" value="sun.lwawt.macosx.LWCToolkit"/>
    <property name="file.encoding.pkg" value="sun.io"/>
    <property name="java.specification.version" value="1.8"/>
    <property name="sun.cpu.isalist" value=""/>
    <property name="sun.jnu.encoding" value="UTF-8"/>
    <property name="java.class.path" value="/Users/gaoxuejun/Desktop/Desktop/java_tool_develop/GunitTool/target/test-classes:/Users/gaoxuejun/Desktop/Desktop/java_tool_develop/GunitTool/target/classes:/Users/gaoxuejun/Desktop/Desktop/respository/junit/junit/4.11/junit-4.11.jar:/Users/gaoxuejun/Desktop/Desktop/respository/org/hamcrest/hamcrest-core/1.3/hamcrest-core-1.3.jar:/Users/gaoxuejun/Desktop/Desktop/respository/com/google/code/gson/gson/2.8.5/gson-2.8.5.jar:/Users/gaoxuejun/Desktop/Desktop/respository/org/json/json/20180813/json-20180813.jar:/Users/gaoxuejun/Desktop/Desktop/respository/org/springframework/spring-webmvc/4.3.9.RELEASE/spring-webmvc-4.3.9.RELEASE.jar:/Users/gaoxuejun/Desktop/Desktop/respository/org/springframework/spring-aop/4.3.9.RELEASE/spring-aop-4.3.9.RELEASE.jar:/Users/gaoxuejun/Desktop/Desktop/respository/org/springframework/spring-expression/4.3.9.RELEASE/spring-expression-4.3.9.RELEASE.jar:/Users/gaoxuejun/Desktop/Desktop/respository/org/springframework/spring-core/4.3.9.RELEASE/spring-core-4.3.9.RELEASE.jar:/Users/gaoxuejun/Desktop/Desktop/respository/org/springframework/spring-beans/4.3.9.RELEASE/spring-beans-4.3.9.RELEASE.jar:/Users/gaoxuejun/Desktop/Desktop/respository/org/springframework/spring-context/4.3.9.RELEASE/spring-context-4.3.9.RELEASE.jar:/Users/gaoxuejun/Desktop/Desktop/respository/org/springframework/spring-jdbc/4.3.9.RELEASE/spring-jdbc-4.3.9.RELEASE.jar:/Users/gaoxuejun/Desktop/Desktop/respository/org/springframework/spring-tx/4.3.9.RELEASE/spring-tx-4.3.9.RELEASE.jar:/Users/gaoxuejun/Desktop/Desktop/respository/org/springframework/spring-web/4.3.9.RELEASE/spring-web-4.3.9.RELEASE.jar:/Users/gaoxuejun/Desktop/Desktop/respository/org/springframework/spring-test/4.3.9.RELEASE/spring-test-4.3.9.RELEASE.jar:/Users/gaoxuejun/Desktop/Desktop/respository/org/springframework/data/spring-data-redis/1.7.2.RELEASE/spring-data-redis-1.7.2.RELEASE.jar:/Users/gaoxuejun/Desktop/Desktop/respository/org/springframework/data/spring-data-keyvalue/1.1.2.RELEASE/spring-data-keyvalue-1.1.2.RELEASE.jar:/Users/gaoxuejun/Desktop/Desktop/respository/org/springframework/data/spring-data-commons/1.12.2.RELEASE/spring-data-commons-1.12.2.RELEASE.jar:/Users/gaoxuejun/Desktop/Desktop/respository/org/springframework/spring-oxm/4.2.6.RELEASE/spring-oxm-4.2.6.RELEASE.jar:/Users/gaoxuejun/Desktop/Desktop/respository/org/springframework/spring-context-support/4.2.6.RELEASE/spring-context-support-4.2.6.RELEASE.jar:/Users/gaoxuejun/Desktop/Desktop/respository/org/slf4j/slf4j-api/1.7.21/slf4j-api-1.7.21.jar:/Users/gaoxuejun/Desktop/Desktop/respository/org/slf4j/jcl-over-slf4j/1.7.21/jcl-over-slf4j-1.7.21.jar:/Users/gaoxuejun/Desktop/Desktop/respository/org/mybatis/mybatis/3.3.0/mybatis-3.3.0.jar:/Users/gaoxuejun/Desktop/Desktop/respository/mysql/mysql-connector-java/5.1.38/mysql-connector-java-5.1.38.jar:/Users/gaoxuejun/Desktop/Desktop/respository/redis/clients/jedis/2.9.0/jedis-2.9.0.jar:/Users/gaoxuejun/Desktop/Desktop/respository/org/apache/commons/commons-pool2/2.4.2/commons-pool2-2.4.2.jar:/Users/gaoxuejun/Desktop/Desktop/respository/com/fasterxml/jackson/core/jackson-core/2.8.5/jackson-core-2.8.5.jar:/Users/gaoxuejun/Desktop/Desktop/respository/com/fasterxml/jackson/core/jackson-databind/2.8.5/jackson-databind-2.8.5.jar:/Users/gaoxuejun/Desktop/Desktop/respository/com/fasterxml/jackson/core/jackson-annotations/2.8.5/jackson-annotations-2.8.5.jar:/Users/gaoxuejun/Desktop/Desktop/respository/commons-fileupload/commons-fileupload/1.3.1/commons-fileupload-1.3.1.jar:/Users/gaoxuejun/Desktop/Desktop/respository/commons-io/commons-io/2.4/commons-io-2.4.jar:/Users/gaoxuejun/Desktop/Desktop/respository/org/mybatis/mybatis-spring/1.3.1/mybatis-spring-1.3.1.jar:/Users/gaoxuejun/Desktop/Desktop/respository/com/mchange/c3p0/0.9.5.2/c3p0-0.9.5.2.jar:/Users/gaoxuejun/Desktop/Desktop/respository/com/mchange/mchange-commons-java/0.2.11/mchange-commons-java-0.2.11.jar:/Users/gaoxuejun/Desktop/Desktop/respository/javax/servlet/servlet-api/2.5/servlet-api-2.5.jar:/Users/gaoxuejun/Desktop/Desktop/respository/commons-beanutils/commons-beanutils/1.9.3/commons-beanutils-1.9.3.jar:/Users/gaoxuejun/Desktop/Desktop/respository/commons-collections/commons-collections/3.2.1/commons-collections-3.2.1.jar:/Users/gaoxuejun/Desktop/Desktop/respository/commons-lang/commons-lang/2.6/commons-lang-2.6.jar:/Users/gaoxuejun/Desktop/Desktop/respository/commons-logging/commons-logging/1.1.1/commons-logging-1.1.1.jar:/Users/gaoxuejun/Desktop/Desktop/respository/net/sf/ezmorph/ezmorph/1.0.6/ezmorph-1.0.6.jar:/Users/gaoxuejun/Desktop/Desktop/respository/net/sf/json-lib/json-lib/2.2.3/json-lib-2.2.3-jdk15.jar:"/>
    <property name="java.vm.vendor" value="Oracle Corporation"/>
    <property name="sun.arch.data.model" value="64"/>
    <property name="java.vendor.url" value="http://java.oracle.com/"/>
    <property name="user.timezone" value=""/>
    <property name="java.vm.specification.version" value="1.8"/>
    <property name="os.name" value="Mac OS X"/>
    <property name="user.country" value="CN"/>
    <property name="sun.java.launcher" value="SUN_STANDARD"/>
    <property name="sun.boot.library.path" value="/Library/Java/JavaVirtualMachines/jdk1.8.0_191.jdk/Contents/Home/jre/lib"/>
    <property name="sun.java.command" value="/Users/gaoxuejun/Desktop/Desktop/java_tool_develop/GunitTool/target/surefire/surefirebooter721046672495377422.jar /Users/gaoxuejun/Desktop/Desktop/java_tool_develop/GunitTool/target/surefire 2019-05-25T12-35-19_336-jvmRun1 surefire9081901274802764071tmp surefire_05544418114948838866tmp"/>
    <property name="surefire.test.class.path" value="/Users/gaoxuejun/Desktop/Desktop/java_tool_develop/GunitTool/target/test-classes:/Users/gaoxuejun/Desktop/Desktop/java_tool_develop/GunitTool/target/classes:/Users/gaoxuejun/Desktop/Desktop/respository/junit/junit/4.11/junit-4.11.jar:/Users/gaoxuejun/Desktop/Desktop/respository/org/hamcrest/hamcrest-core/1.3/hamcrest-core-1.3.jar:/Users/gaoxuejun/Desktop/Desktop/respository/com/google/code/gson/gson/2.8.5/gson-2.8.5.jar:/Users/gaoxuejun/Desktop/Desktop/respository/org/json/json/20180813/json-20180813.jar:/Users/gaoxuejun/Desktop/Desktop/respository/org/springframework/spring-webmvc/4.3.9.RELEASE/spring-webmvc-4.3.9.RELEASE.jar:/Users/gaoxuejun/Desktop/Desktop/respository/org/springframework/spring-aop/4.3.9.RELEASE/spring-aop-4.3.9.RELEASE.jar:/Users/gaoxuejun/Desktop/Desktop/respository/org/springframework/spring-expression/4.3.9.RELEASE/spring-expression-4.3.9.RELEASE.jar:/Users/gaoxuejun/Desktop/Desktop/respository/org/springframework/spring-core/4.3.9.RELEASE/spring-core-4.3.9.RELEASE.jar:/Users/gaoxuejun/Desktop/Desktop/respository/org/springframework/spring-beans/4.3.9.RELEASE/spring-beans-4.3.9.RELEASE.jar:/Users/gaoxuejun/Desktop/Desktop/respository/org/springframework/spring-context/4.3.9.RELEASE/spring-context-4.3.9.RELEASE.jar:/Users/gaoxuejun/Desktop/Desktop/respository/org/springframework/spring-jdbc/4.3.9.RELEASE/spring-jdbc-4.3.9.RELEASE.jar:/Users/gaoxuejun/Desktop/Desktop/respository/org/springframework/spring-tx/4.3.9.RELEASE/spring-tx-4.3.9.RELEASE.jar:/Users/gaoxuejun/Desktop/Desktop/respository/org/springframework/spring-web/4.3.9.RELEASE/spring-web-4.3.9.RELEASE.jar:/Users/gaoxuejun/Desktop/Desktop/respository/org/springframework/spring-test/4.3.9.RELEASE/spring-test-4.3.9.RELEASE.jar:/Users/gaoxuejun/Desktop/Desktop/respository/org/springframework/data/spring-data-redis/1.7.2.RELEASE/spring-data-redis-1.7.2.RELEASE.jar:/Users/gaoxuejun/Desktop/Desktop/respository/org/springframework/data/spring-data-keyvalue/1.1.2.RELEASE/spring-data-keyvalue-1.1.2.RELEASE.jar:/Users/gaoxuejun/Desktop/Desktop/respository/org/springframework/data/spring-data-commons/1.12.2.RELEASE/spring-data-commons-1.12.2.RELEASE.jar:/Users/gaoxuejun/Desktop/Desktop/respository/org/springframework/spring-oxm/4.2.6.RELEASE/spring-oxm-4.2.6.RELEASE.jar:/Users/gaoxuejun/Desktop/Desktop/respository/org/springframework/spring-context-support/4.2.6.RELEASE/spring-context-support-4.2.6.RELEASE.jar:/Users/gaoxuejun/Desktop/Desktop/respository/org/slf4j/slf4j-api/1.7.21/slf4j-api-1.7.21.jar:/Users/gaoxuejun/Desktop/Desktop/respository/org/slf4j/jcl-over-slf4j/1.7.21/jcl-over-slf4j-1.7.21.jar:/Users/gaoxuejun/Desktop/Desktop/respository/org/mybatis/mybatis/3.3.0/mybatis-3.3.0.jar:/Users/gaoxuejun/Desktop/Desktop/respository/mysql/mysql-connector-java/5.1.38/mysql-connector-java-5.1.38.jar:/Users/gaoxuejun/Desktop/Desktop/respository/redis/clients/jedis/2.9.0/jedis-2.9.0.jar:/Users/gaoxuejun/Desktop/Desktop/respository/org/apache/commons/commons-pool2/2.4.2/commons-pool2-2.4.2.jar:/Users/gaoxuejun/Desktop/Desktop/respository/com/fasterxml/jackson/core/jackson-core/2.8.5/jackson-core-2.8.5.jar:/Users/gaoxuejun/Desktop/Desktop/respository/com/fasterxml/jackson/core/jackson-databind/2.8.5/jackson-databind-2.8.5.jar:/Users/gaoxuejun/Desktop/Desktop/respository/com/fasterxml/jackson/core/jackson-annotations/2.8.5/jackson-annotations-2.8.5.jar:/Users/gaoxuejun/Desktop/Desktop/respository/commons-fileupload/commons-fileupload/1.3.1/commons-fileupload-1.3.1.jar:/Users/gaoxuejun/Desktop/Desktop/respository/commons-io/commons-io/2.4/commons-io-2.4.jar:/Users/gaoxuejun/Desktop/Desktop/respository/org/mybatis/mybatis-spring/1.3.1/mybatis-spring-1.3.1.jar:/Users/gaoxuejun/Desktop/Desktop/respository/com/mchange/c3p0/0.9.5.2/c3p0-0.9.5.2.jar:/Users/gaoxuejun/Desktop/Desktop/respository/com/mchange/mchange-commons-java/0.2.11/mchange-commons-java-0.2.11.jar:/Users/gaoxuejun/Desktop/Desktop/respository/javax/servlet/servlet-api/2.5/servlet-api-2.5.jar:/Users/gaoxuejun/Desktop/Desktop/respository/commons-beanutils/commons-beanutils/1.9.3/commons-beanutils-1.9.3.jar:/Users/gaoxuejun/Desktop/Desktop/respository/commons-collections/commons-collections/3.2.1/commons-collections-3.2.1.jar:/Users/gaoxuejun/Desktop/Desktop/respository/commons-lang/commons-lang/2.6/commons-lang-2.6.jar:/Users/gaoxuejun/Desktop/Desktop/respository/commons-logging/commons-logging/1.1.1/commons-logging-1.1.1.jar:/Users/gaoxuejun/Desktop/Desktop/respository/net/sf/ezmorph/ezmorph/1.0.6/ezmorph-1.0.6.jar:/Users/gaoxuejun/Desktop/Desktop/respository/net/sf/json-lib/json-lib/2.2.3/json-lib-2.2.3-jdk15.jar:"/>
    <property name="sun.cpu.endian" value="little"/>
    <property name="user.home" value="/Users/gaoxuejun"/>
    <property name="user.language" value="zh"/>
    <property name="java.specification.vendor" value="Oracle Corporation"/>
    <property name="java.home" value="/Library/Java/JavaVirtualMachines/jdk1.8.0_191.jdk/Contents/Home/jre"/>
    <property name="basedir" value="/Users/gaoxuejun/Desktop/Desktop/java_tool_develop/GunitTool"/>
    <property name="file.separator" value="/"/>
    <property name="line.separator" value="&#10;"/>
    <property name="java.vm.specification.vendor" value="Oracle Corporation"/>
    <property name="java.specification.name" value="Java Platform API Specification"/>
    <property name="java.awt.graphicsenv" value="sun.awt.CGraphicsEnvironment"/>
    <property name="surefire.real.class.path" value="/Users/gaoxuejun/Desktop/Desktop/java_tool_develop/GunitTool/target/surefire/surefirebooter721046672495377422.jar"/>
    <property name="sun.boot.class.path" value="/Library/Java/JavaVirtualMachines/jdk1.8.0_191.jdk/Contents/Home/jre/lib/resources.jar:/Library/Java/JavaVirtualMachines/jdk1.8.0_191.jdk/Contents/Home/jre/lib/rt.jar:/Library/Java/JavaVirtualMachines/jdk1.8.0_191.jdk/Contents/Home/jre/lib/sunrsasign.jar:/Library/Java/JavaVirtualMachines/jdk1.8.0_191.jdk/Contents/Home/jre/lib/jsse.jar:/Library/Java/JavaVirtualMachines/jdk1.8.0_191.jdk/Contents/Home/jre/lib/jce.jar:/Library/Java/JavaVirtualMachines/jdk1.8.0_191.jdk/Contents/Home/jre/lib/charsets.jar:/Library/Java/JavaVirtualMachines/jdk1.8.0_191.jdk/Contents/Home/jre/lib/jfr.jar:/Library/Java/JavaVirtualMachines/jdk1.8.0_191.jdk/Contents/Home/jre/classes"/>
    <property name="sun.management.compiler" value="HotSpot 64-Bit Tiered Compilers"/>
    <property name="java.runtime.version" value="1.8.0_191-b12"/>
    <property name="user.name" value="gaoxuejun"/>
    <property name="path.separator" value=":"/>
    <property name="os.version" value="10.14.3"/>
    <property name="java.endorsed.dirs" value="/Library/Java/JavaVirtualMachines/jdk1.8.0_191.jdk/Contents/Home/jre/lib/endorsed"/>
    <property name="java.runtime.name" value="Java(TM) SE Runtime Environment"/>
    <property name="file.encoding" value="UTF-8"/>
    <property name="java.vm.name" value="Java HotSpot(TM) 64-Bit Server VM"/>
    <property name="localRepository" value="/Users/gaoxuejun/Desktop/Desktop/respository"/>
    <property name="java.vendor.url.bug" value="http://bugreport.sun.com/bugreport/"/>
    <property name="java.io.tmpdir" value="/var/folders/bx/tvnsv_k10_321nljrxzt6hfc0000gn/T/"/>
    <property name="idea.version" value="2018.3.1"/>
    <property name="java.version" value="1.8.0_191"/>
    <property name="user.dir" value="/Users/gaoxuejun/Desktop/Desktop/java_tool_develop/GunitTool"/>
    <property name="os.arch" value="x86_64"/>
    <property name="java.vm.specification.name" value="Java Virtual Machine Specification"/>
    <property name="java.awt.printerjob" value="sun.lwawt.macosx.CPrinterJob"/>
    <property name="sun.os.patch.level" value="unknown"/>
    <property name="java.library.path" value="/Users/gaoxuejun/Library/Java/Extensions:/Library/Java/Extensions:/Network/Library/Java/Extensions:/System/Library/Java/Extensions:/usr/lib/java:."/>
    <property name="java.vm.info" value="mixed mode"/>
    <property name="java.vendor" value="Oracle Corporation"/>
    <property name="java.vm.version" value="25.191-b12"/>
    <property name="java.ext.dirs" value="/Users/gaoxuejun/Library/Java/Extensions:/Library/Java/JavaVirtualMachines/jdk1.8.0_191.jdk/Contents/Home/jre/lib/ext:/Library/Java/Extensions:/Network/Library/Java/Extensions:/System/Library/Java/Extensions:/usr/lib/java"/>
    <property name="sun.io.unicode.encoding" value="UnicodeBig"/>
    <property name="java.class.version" value="52.0"/>
  </properties>
  <testcase name="shouldAnswerWithTrue" classname="com.xuejungao.AppTest" time="0.001"/>
</testsuite>